CRITICAL - 2024-01-31 13:05:04 --> ErrorException: preg_match(): Compilation failed: \k is not followed by a braced, angle-bracketed, or quoted name at offset 10
in SYSTEMPATH/Router/Router.php on line 424.
 1 [internal function]: CodeIgniter\Debug\Exceptions->errorHandler(2, 'preg_match(): Compilation failed: \\k is not followed by a braced, angle-bracketed, or quoted name at offset 10', '/Applications/XAMPP/xamppfiles/htdocs/api_koateen/system/Router/Router.php', 424)
 2 SYSTEMPATH/Router/Router.php(424): preg_match('#^api/api\\koafit$#u', 'api/koafit', [])
 3 SYSTEMPATH/Router/Router.php(186): CodeIgniter\Router\Router->checkRoutes('api/koafit')
 4 SYSTEMPATH/CodeIgniter.php(823): CodeIgniter\Router\Router->handle('api/koafit')
 5 SYSTEMPATH/CodeIgniter.php(450): CodeIgniter\CodeIgniter->tryToRouteIt(Object(CodeIgniter\Router\RouteCollection))
 6 SYSTEMPATH/CodeIgniter.php(361): CodeIgniter\CodeIgniter->handleRequest(null, Object(Config\Cache), false)
 7 FCPATH/index.php(79): CodeIgniter\CodeIgniter->run()
 8 SYSTEMPATH/Commands/Server/rewrite.php(47): require_once('/Applications/XAMPP/xamppfiles/htdocs/api_koateen/public/index.php')
CRITICAL - 2024-01-31 13:23:45 --> CodeIgniter\HTTP\Exceptions\HTTPException: Failed to parse JSON string. Error: Syntax error
in SYSTEMPATH/HTTP/IncomingRequest.php on line 588.
 1 SYSTEMPATH/HTTP/IncomingRequest.php(588): CodeIgniter\HTTP\Exceptions\HTTPException::forInvalidJSON('Syntax error')
 2 APPPATH/Controllers/Api/Koafit.php(55): CodeIgniter\HTTP\IncomingRequest->getJSON(true)
 3 SYSTEMPATH/CodeIgniter.php(941): App\Controllers\Api\Koafit->create()
 4 SYSTEMPATH/CodeIgniter.php(502): CodeIgniter\CodeIgniter->runController(Object(App\Controllers\Api\Koafit))
 5 SYSTEMPATH/CodeIgniter.php(361): CodeIgniter\CodeIgniter->handleRequest(null, Object(Config\Cache), false)
 6 FCPATH/index.php(79): CodeIgniter\CodeIgniter->run()
 7 SYSTEMPATH/Commands/Server/rewrite.php(47): require_once('/Applications/XAMPP/xamppfiles/htdocs/api_koateen/public/index.php')
CRITICAL - 2024-01-31 13:24:34 --> CodeIgniter\HTTP\Exceptions\HTTPException: Failed to parse JSON string. Error: Syntax error
in SYSTEMPATH/HTTP/IncomingRequest.php on line 588.
 1 SYSTEMPATH/HTTP/IncomingRequest.php(588): CodeIgniter\HTTP\Exceptions\HTTPException::forInvalidJSON('Syntax error')
 2 APPPATH/Controllers/Api/Koafit.php(55): CodeIgniter\HTTP\IncomingRequest->getJSON(true)
 3 SYSTEMPATH/CodeIgniter.php(941): App\Controllers\Api\Koafit->create()
 4 SYSTEMPATH/CodeIgniter.php(502): CodeIgniter\CodeIgniter->runController(Object(App\Controllers\Api\Koafit))
 5 SYSTEMPATH/CodeIgniter.php(361): CodeIgniter\CodeIgniter->handleRequest(null, Object(Config\Cache), false)
 6 FCPATH/index.php(79): CodeIgniter\CodeIgniter->run()
 7 SYSTEMPATH/Commands/Server/rewrite.php(47): require_once('/Applications/XAMPP/xamppfiles/htdocs/api_koateen/public/index.php')
CRITICAL - 2024-01-31 13:24:36 --> CodeIgniter\HTTP\Exceptions\HTTPException: Failed to parse JSON string. Error: Syntax error
in SYSTEMPATH/HTTP/IncomingRequest.php on line 588.
 1 SYSTEMPATH/HTTP/IncomingRequest.php(588): CodeIgniter\HTTP\Exceptions\HTTPException::forInvalidJSON('Syntax error')
 2 APPPATH/Controllers/Api/Koafit.php(55): CodeIgniter\HTTP\IncomingRequest->getJSON(true)
 3 SYSTEMPATH/CodeIgniter.php(941): App\Controllers\Api\Koafit->create()
 4 SYSTEMPATH/CodeIgniter.php(502): CodeIgniter\CodeIgniter->runController(Object(App\Controllers\Api\Koafit))
 5 SYSTEMPATH/CodeIgniter.php(361): CodeIgniter\CodeIgniter->handleRequest(null, Object(Config\Cache), false)
 6 FCPATH/index.php(79): CodeIgniter\CodeIgniter->run()
 7 SYSTEMPATH/Commands/Server/rewrite.php(47): require_once('/Applications/XAMPP/xamppfiles/htdocs/api_koateen/public/index.php')
CRITICAL - 2024-01-31 13:24:51 --> CodeIgniter\HTTP\Exceptions\HTTPException: Failed to parse JSON string. Error: Syntax error
in SYSTEMPATH/HTTP/IncomingRequest.php on line 588.
 1 SYSTEMPATH/HTTP/IncomingRequest.php(588): CodeIgniter\HTTP\Exceptions\HTTPException::forInvalidJSON('Syntax error')
 2 APPPATH/Controllers/Api/Koafit.php(55): CodeIgniter\HTTP\IncomingRequest->getJSON(true)
 3 SYSTEMPATH/CodeIgniter.php(941): App\Controllers\Api\Koafit->create()
 4 SYSTEMPATH/CodeIgniter.php(502): CodeIgniter\CodeIgniter->runController(Object(App\Controllers\Api\Koafit))
 5 SYSTEMPATH/CodeIgniter.php(361): CodeIgniter\CodeIgniter->handleRequest(null, Object(Config\Cache), false)
 6 FCPATH/index.php(79): CodeIgniter\CodeIgniter->run()
 7 SYSTEMPATH/Commands/Server/rewrite.php(47): require_once('/Applications/XAMPP/xamppfiles/htdocs/api_koateen/public/index.php')
CRITICAL - 2024-01-31 13:25:13 --> CodeIgniter\HTTP\Exceptions\HTTPException: Failed to parse JSON string. Error: Syntax error
in SYSTEMPATH/HTTP/IncomingRequest.php on line 588.
 1 SYSTEMPATH/HTTP/IncomingRequest.php(588): CodeIgniter\HTTP\Exceptions\HTTPException::forInvalidJSON('Syntax error')
 2 APPPATH/Controllers/Api/Koafit.php(54): CodeIgniter\HTTP\IncomingRequest->getJSON(true)
 3 SYSTEMPATH/CodeIgniter.php(941): App\Controllers\Api\Koafit->create()
 4 SYSTEMPATH/CodeIgniter.php(502): CodeIgniter\CodeIgniter->runController(Object(App\Controllers\Api\Koafit))
 5 SYSTEMPATH/CodeIgniter.php(361): CodeIgniter\CodeIgniter->handleRequest(null, Object(Config\Cache), false)
 6 FCPATH/index.php(79): CodeIgniter\CodeIgniter->run()
 7 SYSTEMPATH/Commands/Server/rewrite.php(47): require_once('/Applications/XAMPP/xamppfiles/htdocs/api_koateen/public/index.php')
CRITICAL - 2024-01-31 13:26:01 --> CodeIgniter\HTTP\Exceptions\HTTPException: Failed to parse JSON string. Error: Syntax error
in SYSTEMPATH/HTTP/IncomingRequest.php on line 588.
 1 SYSTEMPATH/HTTP/IncomingRequest.php(588): CodeIgniter\HTTP\Exceptions\HTTPException::forInvalidJSON('Syntax error')
 2 APPPATH/Controllers/Api/Koafit.php(54): CodeIgniter\HTTP\IncomingRequest->getJSON(true)
 3 SYSTEMPATH/CodeIgniter.php(941): App\Controllers\Api\Koafit->create()
 4 SYSTEMPATH/CodeIgniter.php(502): CodeIgniter\CodeIgniter->runController(Object(App\Controllers\Api\Koafit))
 5 SYSTEMPATH/CodeIgniter.php(361): CodeIgniter\CodeIgniter->handleRequest(null, Object(Config\Cache), false)
 6 FCPATH/index.php(79): CodeIgniter\CodeIgniter->run()
 7 SYSTEMPATH/Commands/Server/rewrite.php(47): require_once('/Applications/XAMPP/xamppfiles/htdocs/api_koateen/public/index.php')
CRITICAL - 2024-01-31 13:26:54 --> CodeIgniter\Database\Exceptions\DataException: There is no data to insert.
in SYSTEMPATH/BaseModel.php on line 1778.
 1 SYSTEMPATH/BaseModel.php(1778): CodeIgniter\Database\Exceptions\DataException::forEmptyDataset('insert')
 2 SYSTEMPATH/BaseModel.php(768): CodeIgniter\BaseModel->transformDataToArray(null, 'insert')
 3 SYSTEMPATH/Model.php(744): CodeIgniter\BaseModel->insert(null, true)
 4 APPPATH/Controllers/Api/Koafit.php(55): CodeIgniter\Model->insert(null)
 5 SYSTEMPATH/CodeIgniter.php(941): App\Controllers\Api\Koafit->create()
 6 SYSTEMPATH/CodeIgniter.php(502): CodeIgniter\CodeIgniter->runController(Object(App\Controllers\Api\Koafit))
 7 SYSTEMPATH/CodeIgniter.php(361): CodeIgniter\CodeIgniter->handleRequest(null, Object(Config\Cache), false)
 8 FCPATH/index.php(79): CodeIgniter\CodeIgniter->run()
 9 SYSTEMPATH/Commands/Server/rewrite.php(47): require_once('/Applications/XAMPP/xamppfiles/htdocs/api_koateen/public/index.php')
ERROR - 2024-01-31 13:33:47 --> mysqli_sql_exception: Table 'koateen.koafit' doesn't exist in /Applications/XAMPP/xamppfiles/htdocs/api_koateen/system/Database/MySQLi/Connection.php:306
Stack trace:
#0 /Applications/XAMPP/xamppfiles/htdocs/api_koateen/system/Database/MySQLi/Connection.php(306): mysqli->query('INSERT INTO `ko...', 0)
#1 /Applications/XAMPP/xamppfiles/htdocs/api_koateen/system/Database/BaseConnection.php(693): CodeIgniter\Database\MySQLi\Connection->execute('INSERT INTO `ko...')
#2 /Applications/XAMPP/xamppfiles/htdocs/api_koateen/system/Database/BaseConnection.php(607): CodeIgniter\Database\BaseConnection->simpleQuery('INSERT INTO `ko...')
#3 /Applications/XAMPP/xamppfiles/htdocs/api_koateen/system/Database/BaseBuilder.php(2302): CodeIgniter\Database\BaseConnection->query('INSERT INTO `ko...', Array, false)
#4 /Applications/XAMPP/xamppfiles/htdocs/api_koateen/system/Model.php(326): CodeIgniter\Database\BaseBuilder->insert()
#5 /Applications/XAMPP/xamppfiles/htdocs/api_koateen/system/BaseModel.php(802): CodeIgniter\Model->doInsert(Array)
#6 /Applications/XAMPP/xamppfiles/htdocs/api_koateen/system/Model.php(744): CodeIgniter\BaseModel->insert(Array, true)
#7 /Applications/XAMPP/xamppfiles/htdocs/api_koateen/app/Controllers/Api/Koafit.php(56): CodeIgniter\Model->insert(Array)
#8 /Applications/XAMPP/xamppfiles/htdocs/api_koateen/system/CodeIgniter.php(941): App\Controllers\Api\Koafit->create()
#9 /Applications/XAMPP/xamppfiles/htdocs/api_koateen/system/CodeIgniter.php(502): CodeIgniter\CodeIgniter->runController(Object(App\Controllers\Api\Koafit))
#10 /Applications/XAMPP/xamppfiles/htdocs/api_koateen/system/CodeIgniter.php(361): CodeIgniter\CodeIgniter->handleRequest(NULL, Object(Config\Cache), false)
#11 /Applications/XAMPP/xamppfiles/htdocs/api_koateen/public/index.php(79): CodeIgniter\CodeIgniter->run()
#12 /Applications/XAMPP/xamppfiles/htdocs/api_koateen/system/Commands/Server/rewrite.php(47): require_once('/Applications/X...')
#13 {main}
CRITICAL - 2024-01-31 13:33:47 --> CodeIgniter\Database\Exceptions\DatabaseException: Table 'koateen.koafit' doesn't exist
in SYSTEMPATH/Database/BaseConnection.php on line 647.
 1 SYSTEMPATH/Database/BaseBuilder.php(2302): CodeIgniter\Database\BaseConnection->query('INSERT INTO `koafit` (`sport`, `level`, `time`, `kkal`, `created_at`, `updated_at`) VALUES (:sport:, :level:, :time:, :kkal:, :created_at:, :updated_at:)', [...], false)
 2 SYSTEMPATH/Model.php(326): CodeIgniter\Database\BaseBuilder->insert()
 3 SYSTEMPATH/BaseModel.php(802): CodeIgniter\Model->doInsert([...])
 4 SYSTEMPATH/Model.php(744): CodeIgniter\BaseModel->insert([...], true)
 5 APPPATH/Controllers/Api/Koafit.php(56): CodeIgniter\Model->insert([...])
 6 SYSTEMPATH/CodeIgniter.php(941): App\Controllers\Api\Koafit->create()
 7 SYSTEMPATH/CodeIgniter.php(502): CodeIgniter\CodeIgniter->runController(Object(App\Controllers\Api\Koafit))
 8 SYSTEMPATH/CodeIgniter.php(361): CodeIgniter\CodeIgniter->handleRequest(null, Object(Config\Cache), false)
 9 FCPATH/index.php(79): CodeIgniter\CodeIgniter->run()
10 SYSTEMPATH/Commands/Server/rewrite.php(47): require_once('/Applications/XAMPP/xamppfiles/htdocs/api_koateen/public/index.php')
CRITICAL - 2024-01-31 13:33:47 --> [Caused by] CodeIgniter\Database\Exceptions\DatabaseException: Table 'koateen.koafit' doesn't exist
in SYSTEMPATH/Database/MySQLi/Connection.php on line 311.
 1 SYSTEMPATH/Database/BaseConnection.php(693): CodeIgniter\Database\MySQLi\Connection->execute('INSERT INTO `koafit` (`sport`, `level`, `time`, `kkal`, `created_at`, `updated_at`) VALUES (\'Skating\', \'Normal activity\', \'300\', \'75\', \'2024-01-31 13:33:47\', \'2024-01-31 13:33:47\')')
 2 SYSTEMPATH/Database/BaseConnection.php(607): CodeIgniter\Database\BaseConnection->simpleQuery('INSERT INTO `koafit` (`sport`, `level`, `time`, `kkal`, `created_at`, `updated_at`) VALUES (\'Skating\', \'Normal activity\', \'300\', \'75\', \'2024-01-31 13:33:47\', \'2024-01-31 13:33:47\')')
 3 SYSTEMPATH/Database/BaseBuilder.php(2302): CodeIgniter\Database\BaseConnection->query('INSERT INTO `koafit` (`sport`, `level`, `time`, `kkal`, `created_at`, `updated_at`) VALUES (:sport:, :level:, :time:, :kkal:, :created_at:, :updated_at:)', [...], false)
 4 SYSTEMPATH/Model.php(326): CodeIgniter\Database\BaseBuilder->insert()
 5 SYSTEMPATH/BaseModel.php(802): CodeIgniter\Model->doInsert([...])
 6 SYSTEMPATH/Model.php(744): CodeIgniter\BaseModel->insert([...], true)
 7 APPPATH/Controllers/Api/Koafit.php(56): CodeIgniter\Model->insert([...])
 8 SYSTEMPATH/CodeIgniter.php(941): App\Controllers\Api\Koafit->create()
 9 SYSTEMPATH/CodeIgniter.php(502): CodeIgniter\CodeIgniter->runController(Object(App\Controllers\Api\Koafit))
10 SYSTEMPATH/CodeIgniter.php(361): CodeIgniter\CodeIgniter->handleRequest(null, Object(Config\Cache), false)
11 FCPATH/index.php(79): CodeIgniter\CodeIgniter->run()
12 SYSTEMPATH/Commands/Server/rewrite.php(47): require_once('/Applications/XAMPP/xamppfiles/htdocs/api_koateen/public/index.php')
CRITICAL - 2024-01-31 13:33:47 --> [Caused by] mysqli_sql_exception: Table 'koateen.koafit' doesn't exist
in SYSTEMPATH/Database/MySQLi/Connection.php on line 306.
 1 SYSTEMPATH/Database/MySQLi/Connection.php(306): mysqli->query('INSERT INTO `koafit` (`sport`, `level`, `time`, `kkal`, `created_at`, `updated_at`) VALUES (\'Skating\', \'Normal activity\', \'300\', \'75\', \'2024-01-31 13:33:47\', \'2024-01-31 13:33:47\')', 0)
 2 SYSTEMPATH/Database/BaseConnection.php(693): CodeIgniter\Database\MySQLi\Connection->execute('INSERT INTO `koafit` (`sport`, `level`, `time`, `kkal`, `created_at`, `updated_at`) VALUES (\'Skating\', \'Normal activity\', \'300\', \'75\', \'2024-01-31 13:33:47\', \'2024-01-31 13:33:47\')')
 3 SYSTEMPATH/Database/BaseConnection.php(607): CodeIgniter\Database\BaseConnection->simpleQuery('INSERT INTO `koafit` (`sport`, `level`, `time`, `kkal`, `created_at`, `updated_at`) VALUES (\'Skating\', \'Normal activity\', \'300\', \'75\', \'2024-01-31 13:33:47\', \'2024-01-31 13:33:47\')')
 4 SYSTEMPATH/Database/BaseBuilder.php(2302): CodeIgniter\Database\BaseConnection->query('INSERT INTO `koafit` (`sport`, `level`, `time`, `kkal`, `created_at`, `updated_at`) VALUES (:sport:, :level:, :time:, :kkal:, :created_at:, :updated_at:)', [...], false)
 5 SYSTEMPATH/Model.php(326): CodeIgniter\Database\BaseBuilder->insert()
 6 SYSTEMPATH/BaseModel.php(802): CodeIgniter\Model->doInsert([...])
 7 SYSTEMPATH/Model.php(744): CodeIgniter\BaseModel->insert([...], true)
 8 APPPATH/Controllers/Api/Koafit.php(56): CodeIgniter\Model->insert([...])
 9 SYSTEMPATH/CodeIgniter.php(941): App\Controllers\Api\Koafit->create()
10 SYSTEMPATH/CodeIgniter.php(502): CodeIgniter\CodeIgniter->runController(Object(App\Controllers\Api\Koafit))
11 SYSTEMPATH/CodeIgniter.php(361): CodeIgniter\CodeIgniter->handleRequest(null, Object(Config\Cache), false)
12 FCPATH/index.php(79): CodeIgniter\CodeIgniter->run()
13 SYSTEMPATH/Commands/Server/rewrite.php(47): require_once('/Applications/XAMPP/xamppfiles/htdocs/api_koateen/public/index.php')
CRITICAL - 2024-01-31 13:45:53 --> CodeIgniter\Database\Exceptions\DataException: There is no data to update.
in SYSTEMPATH/BaseModel.php on line 1778.
 1 SYSTEMPATH/BaseModel.php(1778): CodeIgniter\Database\Exceptions\DataException::forEmptyDataset('update')
 2 SYSTEMPATH/BaseModel.php(956): CodeIgniter\BaseModel->transformDataToArray([], 'update')
 3 SYSTEMPATH/Model.php(807): CodeIgniter\BaseModel->update([...], [])
 4 APPPATH/Controllers/Api/Koafit.php(87): CodeIgniter\Model->update('4', [])
 5 SYSTEMPATH/CodeIgniter.php(941): App\Controllers\Api\Koafit->update('4')
 6 SYSTEMPATH/CodeIgniter.php(502): CodeIgniter\CodeIgniter->runController(Object(App\Controllers\Api\Koafit))
 7 SYSTEMPATH/CodeIgniter.php(361): CodeIgniter\CodeIgniter->handleRequest(null, Object(Config\Cache), false)
 8 FCPATH/index.php(79): CodeIgniter\CodeIgniter->run()
 9 SYSTEMPATH/Commands/Server/rewrite.php(47): require_once('/Applications/XAMPP/xamppfiles/htdocs/api_koateen/public/index.php')
CRITICAL - 2024-01-31 13:49:58 --> CodeIgniter\HTTP\Exceptions\HTTPException: Failed to parse JSON string. Error: Syntax error
in SYSTEMPATH/HTTP/IncomingRequest.php on line 588.
 1 SYSTEMPATH/HTTP/IncomingRequest.php(588): CodeIgniter\HTTP\Exceptions\HTTPException::forInvalidJSON('Syntax error')
 2 APPPATH/Controllers/Api/Koafit.php(86): CodeIgniter\HTTP\IncomingRequest->getJSON()
 3 SYSTEMPATH/CodeIgniter.php(941): App\Controllers\Api\Koafit->update('4')
 4 SYSTEMPATH/CodeIgniter.php(502): CodeIgniter\CodeIgniter->runController(Object(App\Controllers\Api\Koafit))
 5 SYSTEMPATH/CodeIgniter.php(361): CodeIgniter\CodeIgniter->handleRequest(null, Object(Config\Cache), false)
 6 FCPATH/index.php(79): CodeIgniter\CodeIgniter->run()
 7 SYSTEMPATH/Commands/Server/rewrite.php(47): require_once('/Applications/XAMPP/xamppfiles/htdocs/api_koateen/public/index.php')
